#
# There is insufficient memory for the Java Runtime Environment to continue.
# Native memory allocation (malloc) failed to allocate 696736 bytes for Chunk::new
# Possible reasons:
#   The system is out of physical RAM or swap space
#   The process is running with CompressedOops enabled, and the Java Heap may be blocking the growth of the native heap
# Possible solutions:
#   Reduce memory load on the system
#   Increase physical memory or swap space
#   Check if swap backing store is full
#   Decrease Java heap size (-Xmx/-Xms)
#   Decrease number of Java threads
#   Decrease Java thread stack sizes (-Xss)
#   Set larger code cache with -XX:ReservedCodeCacheSize=
#   JVM is running with Unscaled Compressed Oops mode in which the Java heap is
#     placed in the first 4GB address space. The Java Heap base address is the
#     maximum limit for the native heap growth. Please use -XX:HeapBaseMinAddress
#     to set the Java Heap base and to place the Java Heap above 4GB virtual address.
# This output file may be truncated or incomplete.
#
#  Out of Memory Error (arena.cpp:168), pid=4080, tid=9972
#
# JRE version: Java(TM) SE Runtime Environment (21.0.2+13) (build 21.0.2+13-LTS-58)
# Java VM: Java HotSpot(TM) 64-Bit Server VM (21.0.2+13-LTS-58, mixed mode, sharing, tiered, compressed oops, compressed class ptrs, g1 gc, windows-amd64)
# No core dump will be written. Minidumps are not enabled by default on client versions of Windows
#

---------------  S U M M A R Y ------------

Command Line: -javaagent:C:\Program Files\JetBrains\IntelliJ IDEA Community Edition 2023.2.2\lib\idea_rt.jar=13506:C:\Program Files\JetBrains\IntelliJ IDEA Community Edition 2023.2.2\bin -Dfile.encoding=UTF-8 -Dsun.stdout.encoding=UTF-8 -Dsun.stderr.encoding=UTF-8 com.jang.SpringSecurityApplication

Host: 11th Gen Intel(R) Core(TM) i5-1135G7 @ 2.40GHz, 8 cores, 3G,  Windows 11 , 64 bit Build 22621 (10.0.22621.3958)
Time: Tue Oct 15 01:49:40 2024 India Standard Time elapsed time: 12.673560 seconds (0d 0h 0m 12s)

---------------  T H R E A D  ---------------

Current thread (0x000002737e5fa940):  JavaThread "C2 CompilerThread0" daemon [_thread_in_native, id=9972, stack(0x00000092c8b00000,0x00000092c8c00000) (1024K)]


Current CompileTask:
C2:  12673 5343       4       org.springframework.core.annotation.TypeMappedAnnotations::scan (66 bytes)

Stack: [0x00000092c8b00000,0x00000092c8c00000]
Native frames: (J=compiled Java code, j=interpreted, Vv=VM code, C=native code)
V  [jvm.dll+0x6cade9]
V  [jvm.dll+0x8569c1]
V  [jvm.dll+0x858d2e]
V  [jvm.dll+0x859413]
V  [jvm.dll+0x280e56]
V  [jvm.dll+0xc3f3d]
V  [jvm.dll+0xc4473]
V  [jvm.dll+0x2f437f]
V  [jvm.dll+0x5f5056]
V  [jvm.dll+0x252d7f]
V  [jvm.dll+0x24b25c]
V  [jvm.dll+0x2490a3]
V  [jvm.dll+0x1c9634]
V  [jvm.dll+0x258859]
V  [jvm.dll+0x256e3a]
V  [jvm.dll+0x3ef6c6]
V  [jvm.dll+0x7ff568]
V  [jvm.dll+0x6c953d]
C  [ucrtbase.dll+0x29333]
C  [KERNEL32.DLL+0x1257d]
C  [ntdll.dll+0x5af08]


---------------  P R O C E S S  ---------------

Threads class SMR info:
_java_thread_list=0x0000027354e55940, length=20, elements={
0x00000273721b1e60, 0x000002737e5df3c0, 0x000002737e5e02e0, 0x000002737e5e2c20,
0x000002737e5e6790, 0x000002737e5e72e0, 0x000002737e5e7f60, 0x000002737e5fa940,
0x000002737e61da10, 0x000002737e80c4e0, 0x000002737eacb0a0, 0x000002737ea20490,
0x00000273540aeaa0, 0x000002737f0cb900, 0x0000027355b50a30, 0x0000027355b510a0,
0x000002737f126e50, 0x0000027355c3e660, 0x0000027355a36300, 0x0000027355a35c70
}

Java Threads: ( => current thread )
  0x00000273721b1e60 JavaThread "main"                              [_thread_blocked, id=12420, stack(0x00000092c7d00000,0x00000092c7e00000) (1024K)]
  0x000002737e5df3c0 JavaThread "Reference Handler"          daemon [_thread_blocked, id=1816, stack(0x00000092c8500000,0x00000092c8600000) (1024K)]
  0x000002737e5e02e0 JavaThread "Finalizer"                  daemon [_thread_blocked, id=4040, stack(0x00000092c8600000,0x00000092c8700000) (1024K)]
  0x000002737e5e2c20 JavaThread "Signal Dispatcher"          daemon [_thread_blocked, id=16892, stack(0x00000092c8700000,0x00000092c8800000) (1024K)]
  0x000002737e5e6790 JavaThread "Attach Listener"            daemon [_thread_blocked, id=15560, stack(0x00000092c8800000,0x00000092c8900000) (1024K)]
  0x000002737e5e72e0 JavaThread "Service Thread"             daemon [_thread_blocked, id=14816, stack(0x00000092c8900000,0x00000092c8a00000) (1024K)]
  0x000002737e5e7f60 JavaThread "Monitor Deflation Thread"   daemon [_thread_blocked, id=8960, stack(0x00000092c8a00000,0x00000092c8b00000) (1024K)]
=>0x000002737e5fa940 JavaThread "C2 CompilerThread0"         daemon [_thread_in_native, id=9972, stack(0x00000092c8b00000,0x00000092c8c00000) (1024K)]
  0x000002737e61da10 JavaThread "C1 CompilerThread0"         daemon [_thread_blocked, id=12140, stack(0x00000092c8c00000,0x00000092c8d00000) (1024K)]
  0x000002737e80c4e0 JavaThread "Common-Cleaner"             daemon [_thread_blocked, id=2920, stack(0x00000092c8d00000,0x00000092c8e00000) (1024K)]
  0x000002737eacb0a0 JavaThread "Monitor Ctrl-Break"         daemon [_thread_in_native, id=10176, stack(0x00000092c8e00000,0x00000092c8f00000) (1024K)]
  0x000002737ea20490 JavaThread "Notification Thread"        daemon [_thread_blocked, id=11684, stack(0x00000092c8f00000,0x00000092c9000000) (1024K)]
  0x00000273540aeaa0 JavaThread "Thread-0"                          [_thread_blocked, id=14384, stack(0x00000092c9000000,0x00000092c9100000) (1024K)]
  0x000002737f0cb900 JavaThread "restartedMain"                     [_thread_in_vm, id=12060, stack(0x00000092c9100000,0x00000092c9200000) (1024K)]
  0x0000027355b50a30 JavaThread "Catalina-utility-1"                [_thread_blocked, id=12592, stack(0x00000092c9a00000,0x00000092c9b00000) (1024K)]
  0x0000027355b510a0 JavaThread "Catalina-utility-2"                [_thread_blocked, id=12480, stack(0x00000092c9b00000,0x00000092c9c00000) (1024K)]
  0x000002737f126e50 JavaThread "container-0"                       [_thread_blocked, id=13716, stack(0x00000092c9c00000,0x00000092c9d00000) (1024K)]
  0x0000027355c3e660 JavaThread "mysql-cj-abandoned-connection-cleanup" daemon [_thread_blocked, id=8388, stack(0x00000092c9d00000,0x00000092c9e00000) (1024K)]
  0x0000027355a36300 JavaThread "HikariPool-1 housekeeper"   daemon [_thread_blocked, id=17800, stack(0x00000092c9f00000,0x00000092ca000000) (1024K)]
  0x0000027355a35c70 JavaThread "HikariPool-1 connection adder" daemon [_thread_blocked, id=19000, stack(0x00000092ca000000,0x00000092ca100000) (1024K)]
Total: 20

Other Threads:
  0x000002737e5c59d0 VMThread "VM Thread"                           [id=660, stack(0x00000092c8400000,0x00000092c8500000) (1024K)]
  0x000002737e5ac5a0 WatcherThread "VM Periodic Task Thread"        [id=13788, stack(0x00000092c8300000,0x00000092c8400000) (1024K)]
  0x00000273721eb340 WorkerThread "GC Thread#0"                     [id=10220, stack(0x00000092c7e00000,0x00000092c7f00000) (1024K)]
  0x00000273540dc740 WorkerThread "GC Thread#1"                     [id=7972, stack(0x00000092c9200000,0x00000092c9300000) (1024K)]
  0x00000273540fcd00 WorkerThread "GC Thread#2"                     [id=16404, stack(0x00000092c9300000,0x00000092c9400000) (1024K)]
  0x00000273540fd0a0 WorkerThread "GC Thread#3"                     [id=1976, stack(0x00000092c9400000,0x00000092c9500000) (1024K)]
  0x0000027354115200 WorkerThread "GC Thread#4"                     [id=9956, stack(0x00000092c9500000,0x00000092c9600000) (1024K)]
  0x00000273541155a0 WorkerThread "GC Thread#5"                     [id=8568, stack(0x00000092c9600000,0x00000092c9700000) (1024K)]
  0x0000027354115940 WorkerThread "GC Thread#6"                     [id=2128, stack(0x00000092c9800000,0x00000092c9900000) (1024K)]
  0x0000027354116b60 WorkerThread "GC Thread#7"                     [id=18368, stack(0x00000092c9900000,0x00000092c9a00000) (1024K)]
  0x00000273721f5400 ConcurrentGCThread "G1 Main Marker"            [id=16944, stack(0x00000092c7f00000,0x00000092c8000000) (1024K)]
  0x00000273721f5f00 WorkerThread "G1 Conc#0"                       [id=3096, stack(0x00000092c8000000,0x00000092c8100000) (1024K)]
  0x00000273541167c0 WorkerThread "G1 Conc#1"                       [id=5544, stack(0x00000092c9700000,0x00000092c9800000) (1024K)]
  0x0000027372259ad0 ConcurrentGCThread "G1 Refine#0"               [id=15276, stack(0x00000092c8100000,0x00000092c8200000) (1024K)]
  0x000002737225b650 ConcurrentGCThread "G1 Service"                [id=8308, stack(0x00000092c8200000,0x00000092c8300000) (1024K)]
Total: 15

Threads with active compile tasks:
C2 CompilerThread0    12730 5343       4       org.springframework.core.annotation.TypeMappedAnnotations::scan (66 bytes)
Total: 1

VM state: not at safepoint (normal execution)

VM Mutex/Monitor currently owned by a thread: None

Heap address: 0x00000000c4400000, size: 956 MB, Compressed Oops mode: 32-bit

CDS archive(s) mapped at: [0x000002730f000000-0x000002730fc90000-0x000002730fc90000), size 13172736, SharedBaseAddress: 0x000002730f000000, ArchiveRelocationMode: 1.
Compressed class space mapped at: 0x0000027310000000-0x0000027350000000, reserved size: 1073741824
Narrow klass base: 0x000002730f000000, Narrow klass shift: 0, Narrow klass range: 0x100000000

GC Precious Log:
 CardTable entry size: 512
 Card Set container configuration: InlinePtr #cards 5 size 8 Array Of Cards #cards 12 size 40 Howl #buckets 4 coarsen threshold 1843 Howl Bitmap #cards 512 size 80 coarsen threshold 460 Card regions per heap region 1 cards per card region 2048
 CPUs: 8 total, 8 available
 Memory: 3818M
 Large Page Support: Disabled
 NUMA Support: Disabled
 Compressed Oops: Enabled (32-bit)
 Heap Region Size: 1M
 Heap Min Capacity: 8M
 Heap Initial Capacity: 60M
 Heap Max Capacity: 956M
 Pre-touch: Disabled
 Parallel Workers: 8
 Concurrent Workers: 2
 Concurrent Refinement Workers: 8
 Periodic GC: Disabled

Heap:
 garbage-first heap   total 52224K, used 28925K [0x00000000c4400000, 0x0000000100000000)
  region size 1024K, 7 young (7168K), 2 survivors (2048K)
 Metaspace       used 60091K, committed 60736K, reserved 1114112K
  class space    used 8012K, committed 8320K, reserved 1048576K

Heap Regions: E=young(eden), S=young(survivor), O=old, HS=humongous(starts), HC=humongous(continues), CS=collection set, F=free, TAMS=top-at-mark-start, PB=parsable bottom
|   0|0x00000000c4400000, 0x00000000c4500000, 0x00000000c4500000|100%|HS|  |TAMS 0x00000000c4400000| PB 0x00000000c4400000| Complete 
|   1|0x00000000c4500000, 0x00000000c4600000, 0x00000000c4600000|100%| O|  |TAMS 0x00000000c4500000| PB 0x00000000c4500000| Untracked 
|   2|0x00000000c4600000, 0x00000000c4700000, 0x00000000c4700000|100%| O|  |TAMS 0x00000000c4600000| PB 0x00000000c4600000| Untracked 
|   3|0x00000000c4700000, 0x00000000c4800000, 0x00000000c4800000|100%| O|  |TAMS 0x00000000c4700000| PB 0x00000000c4700000| Untracked 
|   4|0x00000000c4800000, 0x00000000c4900000, 0x00000000c4900000|100%| O|  |TAMS 0x00000000c4800000| PB 0x00000000c4800000| Untracked 
|   5|0x00000000c4900000, 0x00000000c4a00000, 0x00000000c4a00000|100%| O|  |TAMS 0x00000000c4900000| PB 0x00000000c4900000| Untracked 
|   6|0x00000000c4a00000, 0x00000000c4b00000, 0x00000000c4b00000|100%| O|  |TAMS 0x00000000c4a00000| PB 0x00000000c4a00000| Untracked 
|   7|0x00000000c4b00000, 0x00000000c4c00000, 0x00000000c4c00000|100%| O|  |TAMS 0x00000000c4b00000| PB 0x00000000c4b00000| Untracked 
|   8|0x00000000c4c00000, 0x00000000c4d00000, 0x00000000c4d00000|100%| O|  |TAMS 0x00000000c4c00000| PB 0x00000000c4c00000| Untracked 
|   9|0x00000000c4d00000, 0x00000000c4e00000, 0x00000000c4e00000|100%| O|  |TAMS 0x00000000c4d00000| PB 0x00000000c4d00000| Untracked 
|  10|0x00000000c4e00000, 0x00000000c4f00000, 0x00000000c4f00000|100%| O|  |TAMS 0x00000000c4e00000| PB 0x00000000c4e00000| Untracked 
|  11|0x00000000c4f00000, 0x00000000c4fbbca8, 0x00000000c5000000| 73%| O|  |TAMS 0x00000000c4f00000| PB 0x00000000c4f00000| Untracked 
|  12|0x00000000c5000000, 0x00000000c5100000, 0x00000000c5100000|100%| O|  |TAMS 0x00000000c5000000| PB 0x00000000c5000000| Untracked 
|  13|0x00000000c5100000, 0x00000000c5200000, 0x00000000c5200000|100%| O|  |TAMS 0x00000000c5100000| PB 0x00000000c5100000| Untracked 
|  14|0x00000000c5200000, 0x00000000c5300000, 0x00000000c5300000|100%| O|  |TAMS 0x00000000c5200000| PB 0x00000000c5200000| Untracked 
|  15|0x00000000c5300000, 0x00000000c5400000, 0x00000000c5400000|100%| O|  |TAMS 0x00000000c5300000| PB 0x00000000c5300000| Untracked 
|  16|0x00000000c5400000, 0x00000000c5500000, 0x00000000c5500000|100%| O|  |TAMS 0x00000000c5400000| PB 0x00000000c5400000| Untracked 
|  17|0x00000000c5500000, 0x00000000c5600000, 0x00000000c5600000|100%| O|  |TAMS 0x00000000c5500000| PB 0x00000000c5500000| Untracked 
|  18|0x00000000c5600000, 0x00000000c5700000, 0x00000000c5700000|100%| O|  |TAMS 0x00000000c5600000| PB 0x00000000c5600000| Untracked 
|  19|0x00000000c5700000, 0x00000000c5800000, 0x00000000c5800000|100%| O|  |TAMS 0x00000000c5700000| PB 0x00000000c5700000| Untracked 
|  20|0x00000000c5800000, 0x00000000c5900000, 0x00000000c5900000|100%| O|  |TAMS 0x00000000c5800000| PB 0x00000000c5800000| Untracked 
|  21|0x00000000c5900000, 0x00000000c5900000, 0x00000000c5a00000|  0%| F|  |TAMS 0x00000000c5900000| PB 0x00000000c5900000| Untracked 
|  22|0x00000000c5a00000, 0x00000000c5a00000, 0x00000000c5b00000|  0%| F|  |TAMS 0x00000000c5a00000| PB 0x00000000c5a00000| Untracked 
|  23|0x00000000c5b00000, 0x00000000c5b00000, 0x00000000c5c00000|  0%| F|  |TAMS 0x00000000c5b00000| PB 0x00000000c5b00000| Untracked 
|  24|0x00000000c5c00000, 0x00000000c5c00000, 0x00000000c5d00000|  0%| F|  |TAMS 0x00000000c5c00000| PB 0x00000000c5c00000| Untracked 
|  25|0x00000000c5d00000, 0x00000000c5e00000, 0x00000000c5e00000|100%| O|  |TAMS 0x00000000c5d00000| PB 0x00000000c5d00000| Untracked 
|  26|0x00000000c5e00000, 0x00000000c5f00000, 0x00000000c5f00000|100%| O|Cm|TAMS 0x00000000c5e00000| PB 0x00000000c5e00000| Complete 
|  27|0x00000000c5f00000, 0x00000000c5f00000, 0x00000000c6000000|  0%| F|  |TAMS 0x00000000c5f00000| PB 0x00000000c5f00000| Untracked 
|  28|0x00000000c6000000, 0x00000000c6000000, 0x00000000c6100000|  0%| F|  |TAMS 0x00000000c6000000| PB 0x00000000c6000000| Untracked 
|  29|0x00000000c6100000, 0x00000000c6100000, 0x00000000c6200000|  0%| F|  |TAMS 0x00000000c6100000| PB 0x00000000c6100000| Untracked 
|  30|0x00000000c6200000, 0x00000000c6200000, 0x00000000c6300000|  0%| F|  |TAMS 0x00000000c6200000| PB 0x00000000c6200000| Untracked 
|  31|0x00000000c6300000, 0x00000000c6300000, 0x00000000c6400000|  0%| F|  |TAMS 0x00000000c6300000| PB 0x00000000c6300000| Untracked 
|  32|0x00000000c6400000, 0x00000000c6400000, 0x00000000c6500000|  0%| F|  |TAMS 0x00000000c6400000| PB 0x00000000c6400000| Untracked 
|  33|0x00000000c6500000, 0x00000000c6500000, 0x00000000c6600000|  0%| F|  |TAMS 0x00000000c6500000| PB 0x00000000c6500000| Untracked 
|  34|0x00000000c6600000, 0x00000000c6600000, 0x00000000c6700000|  0%| F|  |TAMS 0x00000000c6600000| PB 0x00000000c6600000| Untracked 
|  35|0x00000000c6700000, 0x00000000c6700000, 0x00000000c6800000|  0%| F|  |TAMS 0x00000000c6700000| PB 0x00000000c6700000| Untracked 
|  36|0x00000000c6800000, 0x00000000c6800000, 0x00000000c6900000|  0%| F|  |TAMS 0x00000000c6800000| PB 0x00000000c6800000| Untracked 
|  37|0x00000000c6900000, 0x00000000c6900000, 0x00000000c6a00000|  0%| F|  |TAMS 0x00000000c6900000| PB 0x00000000c6900000| Untracked 
|  38|0x00000000c6a00000, 0x00000000c6a00000, 0x00000000c6b00000|  0%| F|  |TAMS 0x00000000c6a00000| PB 0x00000000c6a00000| Untracked 
|  39|0x00000000c6b00000, 0x00000000c6b00000, 0x00000000c6c00000|  0%| F|  |TAMS 0x00000000c6b00000| PB 0x00000000c6b00000| Untracked 
|  40|0x00000000c6c00000, 0x00000000c6c00000, 0x00000000c6d00000|  0%| F|  |TAMS 0x00000000c6c00000| PB 0x00000000c6c00000| Untracked 
|  41|0x00000000c6d00000, 0x00000000c6d83930, 0x00000000c6e00000| 51%| S|CS|TAMS 0x00000000c6d00000| PB 0x00000000c6d00000| Complete 
|  42|0x00000000c6e00000, 0x00000000c6f00000, 0x00000000c6f00000|100%| S|CS|TAMS 0x00000000c6e00000| PB 0x00000000c6e00000| Complete 
|  43|0x00000000c6f00000, 0x00000000c6f00000, 0x00000000c7000000|  0%| F|  |TAMS 0x00000000c6f00000| PB 0x00000000c6f00000| Untracked 
|  44|0x00000000c7000000, 0x00000000c7000000, 0x00000000c7100000|  0%| F|  |TAMS 0x00000000c7000000| PB 0x00000000c7000000| Untracked 
|  45|0x00000000c7100000, 0x00000000c7100000, 0x00000000c7200000|  0%| F|  |TAMS 0x00000000c7100000| PB 0x00000000c7100000| Untracked 
|  46|0x00000000c7200000, 0x00000000c725f990, 0x00000000c7300000| 37%| E|  |TAMS 0x00000000c7200000| PB 0x00000000c7200000| Complete 
|  47|0x00000000c7300000, 0x00000000c7400000, 0x00000000c7400000|100%| E|CS|TAMS 0x00000000c7300000| PB 0x00000000c7300000| Complete 
|  48|0x00000000c7400000, 0x00000000c7500000, 0x00000000c7500000|100%| E|CS|TAMS 0x00000000c7400000| PB 0x00000000c7400000| Complete 
|  49|0x00000000c7500000, 0x00000000c7600000, 0x00000000c7600000|100%| E|CS|TAMS 0x00000000c7500000| PB 0x00000000c7500000| Complete 
|  59|0x00000000c7f00000, 0x00000000c8000000, 0x00000000c8000000|100%| E|CS|TAMS 0x00000000c7f00000| PB 0x00000000c7f00000| Complete 

Card table byte_map: [0x000002737ab20000,0x000002737ad00000] _byte_map_base: 0x000002737a4fe000

Marking Bits: (CMBitMap*) 0x00000273721eba40
 Bits: [0x000002737ad00000, 0x000002737bbf0000)

Polling page: 0x0000027371970000

Metaspace:

Usage:
  Non-class:     50.86 MB used.
      Class:      7.82 MB used.
       Both:     58.69 MB used.

Virtual space:
  Non-class space:       64.00 MB reserved,      51.19 MB ( 80%) committed,  1 nodes.
      Class space:        1.00 GB reserved,       8.12 MB ( <1%) committed,  1 nodes.
             Both:        1.06 GB reserved,      59.31 MB (  5%) committed. 

Chunk freelists:
   Non-Class:  12.70 MB
       Class:  7.86 MB
        Both:  20.56 MB

MaxMetaspaceSize: unlimited
CompressedClassSpaceSize: 1.00 GB
Initial GC threshold: 21.00 MB
Current GC threshold: 98.25 MB
CDS: on
 - commit_granule_bytes: 65536.
 - commit_granule_words: 8192.
 - virtual_space_node_default_size: 8388608.
 - enlarge_chunks_in_place: 1.
 - use_allocation_guard: 0.


Internal statistics:

num_allocs_failed_limit: 9.
num_arena_births: 814.
num_arena_deaths: 0.
num_vsnodes_births: 2.
num_vsnodes_deaths: 0.
num_space_committed: 949.
num_space_uncommitted: 0.
num_chunks_returned_to_freelist: 9.
num_chunks_taken_from_freelist: 2914.
num_chunk_merges: 9.
num_chunk_splits: 2066.
num_chunks_enlarged: 1561.
num_inconsistent_stats: 0.

CodeHeap 'non-profiled nmethods': size=120000Kb used=2462Kb max_used=2704Kb free=117537Kb
 bounds [0x0000027307ad0000, 0x0000027307d80000, 0x000002730f000000]
CodeHeap 'profiled nmethods': size=120000Kb used=9336Kb max_used=10183Kb free=110664Kb
 bounds [0x0000027300000000, 0x0000027300a00000, 0x0000027307530000]
CodeHeap 'non-nmethods': size=5760Kb used=1884Kb max_used=1898Kb free=3875Kb
 bounds [0x0000027307530000, 0x00000273077a0000, 0x0000027307ad0000]
 total_blobs=5430 nmethods=4720 adapters=614
 compilation: enabled
              stopped_count=0, restarted_count=0
 full_count=0

Compilation events (20 events):
Event: 12.490 Thread 0x000002737e61da10 5336       3       java.lang.Integer::stringSize (47 bytes)
Event: 12.491 Thread 0x000002737e61da10 nmethod 5336 0x0000027300041210 code [0x00000273000413c0, 0x0000027300041618]
Event: 12.491 Thread 0x000002737e61da10 5337       3       java.lang.AbstractStringBuilder::append (55 bytes)
Event: 12.491 Thread 0x000002737e5fa940 5338       4       jdk.internal.org.objectweb.asm.MethodWriter::visitTypeInsn (116 bytes)
Event: 12.491 Thread 0x000002737e61da10 nmethod 5337 0x0000027300249610 code [0x0000027300249800, 0x0000027300249b58]
Event: 12.494 Thread 0x000002737e61da10 5340       3       org.springframework.beans.factory.support.AbstractBeanFactory$$Lambda/0x000002731035f3b8::accept (16 bytes)
Event: 12.495 Thread 0x000002737e61da10 nmethod 5340 0x0000027300084090 code [0x0000027300084280, 0x0000027300084850]
Event: 12.495 Thread 0x000002737e61da10 5342   !   3       java.util.concurrent.ConcurrentHashMap::clear (176 bytes)
Event: 12.496 Thread 0x000002737e5fa940 nmethod 5338 0x0000027307cfc910 code [0x0000027307cfcae0, 0x0000027307cfcea0]
Event: 12.496 Thread 0x000002737e5fa940 5339       4       java.util.Collections$SetFromMap::contains (11 bytes)
Event: 12.496 Thread 0x000002737e61da10 nmethod 5342 0x000002730010e110 code [0x000002730010e360, 0x000002730010ed28]
Event: 12.496 Thread 0x000002737e61da10 5341       3       org.springframework.beans.factory.support.AbstractBeanFactory::lambda$clearMetadataCache$3 (14 bytes)
Event: 12.496 Thread 0x000002737e61da10 nmethod 5341 0x000002730004a710 code [0x000002730004a8e0, 0x000002730004ac60]
Event: 12.496 Thread 0x000002737e61da10 5344       3       org.springframework.core.annotation.AnnotationUtils::isCandidateClass (41 bytes)
Event: 12.497 Thread 0x000002737e61da10 nmethod 5344 0x00000273007c3310 code [0x00000273007c35a0, 0x00000273007c4110]
Event: 12.500 Thread 0x000002737e5fa940 nmethod 5339 0x0000027307c5d390 code [0x0000027307c5d540, 0x0000027307c5d8a8]
Event: 12.500 Thread 0x000002737e5fa940 5343       4       org.springframework.core.annotation.TypeMappedAnnotations::scan (66 bytes)
Event: 12.525 Thread 0x000002737e61da10 5345       3       org.springframework.beans.factory.support.AbstractBeanFactory::copyRelevantMergedBeanDefinitionCaches (127 bytes)
Event: 12.527 Thread 0x000002737e61da10 nmethod 5345 0x0000027300453910 code [0x0000027300453c60, 0x0000027300455b68]
Event: 12.527 Thread 0x000002737e61da10 5346       3       java.util.LinkedHashMap$LinkedKeySet::toArray (20 bytes)

GC Heap History (20 events):
Event: 2.858 GC heap before
{Heap before GC invocations=1 (full 0):
 garbage-first heap   total 61440K, used 31434K [0x00000000c4400000, 0x0000000100000000)
  region size 1024K, 28 young (28672K), 3 survivors (3072K)
 Metaspace       used 13053K, committed 13376K, reserved 1114112K
  class space    used 1575K, committed 1728K, reserved 1048576K
}
Event: 2.865 GC heap after
{Heap after GC invocations=2 (full 0):
 garbage-first heap   total 61440K, used 9323K [0x00000000c4400000, 0x0000000100000000)
  region size 1024K, 3 young (3072K), 3 survivors (3072K)
 Metaspace       used 13053K, committed 13376K, reserved 1114112K
  class space    used 1575K, committed 1728K, reserved 1048576K
}
Event: 3.826 GC heap before
{Heap before GC invocations=2 (full 0):
 garbage-first heap   total 61440K, used 37995K [0x00000000c4400000, 0x0000000100000000)
  region size 1024K, 32 young (32768K), 3 survivors (3072K)
 Metaspace       used 19523K, committed 19904K, reserved 1114112K
  class space    used 2381K, committed 2560K, reserved 1048576K
}
Event: 3.836 GC heap after
{Heap after GC invocations=3 (full 0):
 garbage-first heap   total 61440K, used 12737K [0x00000000c4400000, 0x0000000100000000)
  region size 1024K, 4 young (4096K), 4 survivors (4096K)
 Metaspace       used 19523K, committed 19904K, reserved 1114112K
  class space    used 2381K, committed 2560K, reserved 1048576K
}
Event: 4.927 GC heap before
{Heap before GC invocations=3 (full 0):
 garbage-first heap   total 61440K, used 30145K [0x00000000c4400000, 0x0000000100000000)
  region size 1024K, 23 young (23552K), 4 survivors (4096K)
 Metaspace       used 21223K, committed 21504K, reserved 1114112K
  class space    used 2567K, committed 2688K, reserved 1048576K
}
Event: 4.939 GC heap after
{Heap after GC invocations=4 (full 0):
 garbage-first heap   total 61440K, used 13739K [0x00000000c4400000, 0x0000000100000000)
  region size 1024K, 2 young (2048K), 2 survivors (2048K)
 Metaspace       used 21223K, committed 21504K, reserved 1114112K
  class space    used 2567K, committed 2688K, reserved 1048576K
}
Event: 6.316 GC heap before
{Heap before GC invocations=5 (full 0):
 garbage-first heap   total 51200K, used 45483K [0x00000000c4400000, 0x0000000100000000)
  region size 1024K, 34 young (34816K), 2 survivors (2048K)
 Metaspace       used 27095K, committed 27584K, reserved 1114112K
  class space    used 3411K, committed 3648K, reserved 1048576K
}
Event: 6.323 GC heap after
{Heap after GC invocations=6 (full 0):
 garbage-first heap   total 52224K, used 16839K [0x00000000c4400000, 0x0000000100000000)
  region size 1024K, 5 young (5120K), 5 survivors (5120K)
 Metaspace       used 27095K, committed 27584K, reserved 1114112K
  class space    used 3411K, committed 3648K, reserved 1048576K
}
Event: 7.912 GC heap before
{Heap before GC invocations=6 (full 0):
 garbage-first heap   total 52224K, used 40391K [0x00000000c4400000, 0x0000000100000000)
  region size 1024K, 29 young (29696K), 5 survivors (5120K)
 Metaspace       used 30821K, committed 31424K, reserved 1114112K
  class space    used 3895K, committed 4160K, reserved 1048576K
}
Event: 7.918 GC heap after
{Heap after GC invocations=7 (full 0):
 garbage-first heap   total 52224K, used 18862K [0x00000000c4400000, 0x0000000100000000)
  region size 1024K, 3 young (3072K), 3 survivors (3072K)
 Metaspace       used 30821K, committed 31424K, reserved 1114112K
  class space    used 3895K, committed 4160K, reserved 1048576K
}
Event: 8.954 GC heap before
{Heap before GC invocations=7 (full 0):
 garbage-first heap   total 52224K, used 33198K [0x00000000c4400000, 0x0000000100000000)
  region size 1024K, 18 young (18432K), 3 survivors (3072K)
 Metaspace       used 35432K, committed 35968K, reserved 1114112K
  class space    used 4567K, committed 4800K, reserved 1048576K
}
Event: 8.958 GC heap after
{Heap after GC invocations=8 (full 0):
 garbage-first heap   total 52224K, used 19657K [0x00000000c4400000, 0x0000000100000000)
  region size 1024K, 3 young (3072K), 3 survivors (3072K)
 Metaspace       used 35432K, committed 35968K, reserved 1114112K
  class space    used 4567K, committed 4800K, reserved 1048576K
}
Event: 10.333 GC heap before
{Heap before GC invocations=9 (full 0):
 garbage-first heap   total 52224K, used 42185K [0x00000000c4400000, 0x0000000100000000)
  region size 1024K, 26 young (26624K), 3 survivors (3072K)
 Metaspace       used 45549K, committed 46080K, reserved 1114112K
  class space    used 5887K, committed 6144K, reserved 1048576K
}
Event: 10.337 GC heap after
{Heap after GC invocations=10 (full 0):
 garbage-first heap   total 52224K, used 21936K [0x00000000c4400000, 0x0000000100000000)
  region size 1024K, 4 young (4096K), 4 survivors (4096K)
 Metaspace       used 45549K, committed 46080K, reserved 1114112K
  class space    used 5887K, committed 6144K, reserved 1048576K
}
Event: 10.835 GC heap before
{Heap before GC invocations=10 (full 0):
 garbage-first heap   total 52224K, used 41392K [0x00000000c4400000, 0x0000000100000000)
  region size 1024K, 24 young (24576K), 4 survivors (4096K)
 Metaspace       used 50579K, committed 51136K, reserved 1114112K
  class space    used 6523K, committed 6784K, reserved 1048576K
}
Event: 10.839 GC heap after
{Heap after GC invocations=11 (full 0):
 garbage-first heap   total 52224K, used 23516K [0x00000000c4400000, 0x0000000100000000)
  region size 1024K, 2 young (2048K), 2 survivors (2048K)
 Metaspace       used 50579K, committed 51136K, reserved 1114112K
  class space    used 6523K, committed 6784K, reserved 1048576K
}
Event: 11.717 GC heap before
{Heap before GC invocations=11 (full 0):
 garbage-first heap   total 52224K, used 42972K [0x00000000c4400000, 0x0000000100000000)
  region size 1024K, 22 young (22528K), 2 survivors (2048K)
 Metaspace       used 57365K, committed 57984K, reserved 1114112K
  class space    used 7641K, committed 7936K, reserved 1048576K
}
Event: 11.722 GC heap after
{Heap after GC invocations=12 (full 0):
 garbage-first heap   total 52224K, used 24413K [0x00000000c4400000, 0x0000000100000000)
  region size 1024K, 3 young (3072K), 3 survivors (3072K)
 Metaspace       used 57365K, committed 57984K, reserved 1114112K
  class space    used 7641K, committed 7936K, reserved 1048576K
}
Event: 12.220 GC heap before
{Heap before GC invocations=12 (full 0):
 garbage-first heap   total 52224K, used 31581K [0x00000000c4400000, 0x0000000100000000)
  region size 1024K, 11 young (11264K), 3 survivors (3072K)
 Metaspace       used 59677K, committed 60288K, reserved 1114112K
  class space    used 7969K, committed 8256K, reserved 1048576K
}
Event: 12.226 GC heap after
{Heap after GC invocations=13 (full 0):
 garbage-first heap   total 52224K, used 24829K [0x00000000c4400000, 0x0000000100000000)
  region size 1024K, 2 young (2048K), 2 survivors (2048K)
 Metaspace       used 59677K, committed 60288K, reserved 1114112K
  class space    used 7969K, committed 8256K, reserved 1048576K
}

Dll operation events (14 events):
Event: 0.083 Loaded shared library C:\Program Files\Java\jdk-21\bin\java.dll
Event: 0.275 Loaded shared library C:\Program Files\Java\jdk-21\bin\jsvml.dll
Event: 0.367 Loaded shared library C:\Program Files\Java\jdk-21\bin\zip.dll
Event: 0.373 Loaded shared library C:\Program Files\Java\jdk-21\bin\instrument.dll
Event: 0.387 Loaded shared library C:\Program Files\Java\jdk-21\bin\net.dll
Event: 0.393 Loaded shared library C:\Program Files\Java\jdk-21\bin\nio.dll
Event: 0.400 Loaded shared library C:\Program Files\Java\jdk-21\bin\zip.dll
Event: 0.780 Loaded shared library C:\Program Files\JetBrains\IntelliJ IDEA Community Edition 2023.2.2\bin\breakgen64.dll
Event: 0.809 Loaded shared library C:\Program Files\Java\jdk-21\bin\extnet.dll
Event: 0.982 Loaded shared library C:\Program Files\Java\jdk-21\bin\jimage.dll
Event: 1.489 Loaded shared library C:\Program Files\Java\jdk-21\bin\management.dll
Event: 1.498 Loaded shared library C:\Program Files\Java\jdk-21\bin\management_ext.dll
Event: 3.436 Loaded shared library C:\Program Files\Java\jdk-21\bin\sunmscapi.dll
Event: 8.818 Loaded shared library C:\Program Files\Java\jdk-21\bin\verify.dll

Deoptimization events (20 events):
Event: 12.377 Thread 0x000002737f0cb900 Uncommon trap: trap_request=0xffffff45 fr.pc=0x0000027307bdd944 relative=0x0000000000000744
Event: 12.377 Thread 0x000002737f0cb900 Uncommon trap: reason=unstable_if action=reinterpret pc=0x0000027307bdd944 method=java.lang.Integer.stringSize(I)I @ 3 c2
Event: 12.377 Thread 0x000002737f0cb900 DEOPT PACKING pc=0x0000027307bdd944 sp=0x00000092c91fd090
Event: 12.377 Thread 0x000002737f0cb900 DEOPT UNPACKING pc=0x0000027307587da2 sp=0x00000092c91fd000 mode 2
Event: 12.495 Thread 0x000002737f0cb900 Uncommon trap: trap_request=0xffffffbe fr.pc=0x0000027307ce3b98 relative=0x00000000000049f8
Event: 12.495 Thread 0x000002737f0cb900 Uncommon trap: reason=profile_predicate action=maybe_recompile pc=0x0000027307ce3b98 method=org.springframework.util.ReflectionUtils.doWithMethods(Ljava/lang/Class;Lorg/springframework/util/ReflectionUtils$MethodCallback;Lorg/springframework/util/Reflecti
Event: 12.495 Thread 0x000002737f0cb900 DEOPT PACKING pc=0x0000027307ce3b98 sp=0x00000092c91fdc70
Event: 12.495 Thread 0x000002737f0cb900 DEOPT UNPACKING pc=0x0000027307587da2 sp=0x00000092c91fdca0 mode 2
Event: 12.496 Thread 0x000002737f0cb900 Uncommon trap: trap_request=0xffffffbe fr.pc=0x0000027307ce3b98 relative=0x00000000000049f8
Event: 12.496 Thread 0x000002737f0cb900 Uncommon trap: reason=profile_predicate action=maybe_recompile pc=0x0000027307ce3b98 method=org.springframework.util.ReflectionUtils.doWithMethods(Ljava/lang/Class;Lorg/springframework/util/ReflectionUtils$MethodCallback;Lorg/springframework/util/Reflecti
Event: 12.496 Thread 0x000002737f0cb900 DEOPT PACKING pc=0x0000027307ce3b98 sp=0x00000092c91fdbb0
Event: 12.496 Thread 0x000002737f0cb900 DEOPT UNPACKING pc=0x0000027307587da2 sp=0x00000092c91fdbf8 mode 2
Event: 12.496 Thread 0x000002737f0cb900 Uncommon trap: trap_request=0xffffffbe fr.pc=0x0000027307ce3b98 relative=0x00000000000049f8
Event: 12.496 Thread 0x000002737f0cb900 Uncommon trap: reason=profile_predicate action=maybe_recompile pc=0x0000027307ce3b98 method=org.springframework.util.ReflectionUtils.doWithMethods(Ljava/lang/Class;Lorg/springframework/util/ReflectionUtils$MethodCallback;Lorg/springframework/util/Reflecti
Event: 12.496 Thread 0x000002737f0cb900 DEOPT PACKING pc=0x0000027307ce3b98 sp=0x00000092c91fdc70
Event: 12.496 Thread 0x000002737f0cb900 DEOPT UNPACKING pc=0x0000027307587da2 sp=0x00000092c91fdca0 mode 2
Event: 12.496 Thread 0x000002737f0cb900 Uncommon trap: trap_request=0xffffffbe fr.pc=0x0000027307ce3b98 relative=0x00000000000049f8
Event: 12.496 Thread 0x000002737f0cb900 Uncommon trap: reason=profile_predicate action=maybe_recompile pc=0x0000027307ce3b98 method=org.springframework.util.ReflectionUtils.doWithMethods(Ljava/lang/Class;Lorg/springframework/util/ReflectionUtils$MethodCallback;Lorg/springframework/util/Reflecti
Event: 12.496 Thread 0x000002737f0cb900 DEOPT PACKING pc=0x0000027307ce3b98 sp=0x00000092c91fdbb0
Event: 12.496 Thread 0x000002737f0cb900 DEOPT UNPACKING pc=0x0000027307587da2 sp=0x00000092c91fdbf8 mode 2

Classes loaded (20 events):
Event: 10.761 Loading class java/util/concurrent/CompletableFuture$AltResult
Event: 10.761 Loading class java/util/concurrent/CompletableFuture$AltResult done
Event: 10.761 Loading class java/util/concurrent/CompletableFuture$Completion
Event: 10.761 Loading class java/util/concurrent/CompletableFuture$AsynchronousCompletionTask
Event: 10.761 Loading class java/util/concurrent/CompletableFuture$AsynchronousCompletionTask done
Event: 10.762 Loading class java/util/concurrent/CompletableFuture$Completion done
Event: 10.829 Loading class java/util/concurrent/CancellationException
Event: 10.829 Loading class java/util/concurrent/CancellationException done
Event: 11.225 Loading class java/util/ArrayList$ListItr
Event: 11.225 Loading class java/util/ArrayList$ListItr done
Event: 11.289 Loading class java/util/AbstractList$SubList
Event: 11.289 Loading class java/util/AbstractList$SubList done
Event: 11.393 Loading class java/lang/reflect/AnnotatedArrayType
Event: 11.393 Loading class java/lang/reflect/AnnotatedArrayType done
Event: 11.439 Loading class java/lang/foreign/ValueLayout
Event: 11.439 Loading class java/lang/foreign/MemoryLayout
Event: 11.440 Loading class java/lang/foreign/MemoryLayout done
Event: 11.440 Loading class java/lang/foreign/ValueLayout done
Event: 12.486 Loading class javax/naming/Reference
Event: 12.487 Loading class javax/naming/Reference done

Classes unloaded (0 events):
No events

Classes redefined (0 events):
No events

Internal exceptions (20 events):
Event: 10.862 Thread 0x000002737f0cb900 Exception <a 'java/lang/NoSuchMethodError'{0x00000000c75179c0}: 'java.lang.Object java.lang.invoke.DirectMethodHandle$Holder.invokeStaticInit(java.lang.Object, java.lang.Object, int, java.lang.Object)'> (0x00000000c75179c0) 
thrown [s\open\src\hotspot\share\interpreter\linkResolver.cpp, line 773]
Event: 11.589 Thread 0x000002737f0cb900 Exception <a 'java/lang/NoSuchMethodError'{0x00000000c6489f58}: 'int java.lang.invoke.Invokers$Holder.invokeExact_MT(java.lang.Object, java.lang.Object, java.lang.Object)'> (0x00000000c6489f58) 
thrown [s\open\src\hotspot\share\interpreter\linkResolver.cpp, line 773]
Event: 11.646 Thread 0x000002737f0cb900 Exception <a 'java/lang/NoSuchMethodError'{0x00000000c632a280}: 'java.lang.Object java.lang.invoke.DirectMethodHandle$Holder.newInvokeSpecial(java.lang.Object, java.lang.Object, java.lang.Object, java.lang.Object, java.lang.Object, java.lang.Object)'> (0x00000000c632a280) 
thrown [s\open\src\hotspot\share\interpreter\linkResolver.cpp, line 773]
Event: 11.652 Thread 0x000002737f0cb900 Exception <a 'java/lang/NoSuchMethodError'{0x00000000c6347578}: 'void java.lang.invoke.DirectMethodHandle$Holder.invokeInterface(java.lang.Object, java.lang.Object, int, java.lang.Object)'> (0x00000000c6347578) 
thrown [s\open\src\hotspot\share\interpreter\linkResolver.cpp, line 773]
Event: 11.654 Thread 0x000002737f0cb900 Exception <a 'java/lang/NoSuchMethodError'{0x00000000c6375e60}: 'java.lang.Object java.lang.invoke.DirectMethodHandle$Holder.newInvokeSpecial(java.lang.Object, java.lang.Object, int, java.lang.Object)'> (0x00000000c6375e60) 
thrown [s\open\src\hotspot\share\interpreter\linkResolver.cpp, line 773]
Event: 11.655 Thread 0x000002737f0cb900 Exception <a 'java/lang/NoSuchMethodError'{0x00000000c63797c0}: 'java.lang.Object java.lang.invoke.Invokers$Holder.linkToTargetMethod(java.lang.Object, int, java.lang.Object, java.lang.Object)'> (0x00000000c63797c0) 
thrown [s\open\src\hotspot\share\interpreter\linkResolver.cpp, line 773]
Event: 11.722 Thread 0x000002737f0cb900 Exception <a 'java/lang/NoSuchMethodError'{0x00000000c7f00470}: 'void java.lang.invoke.DirectMethodHandle$Holder.invokeSpecial(java.lang.Object, java.lang.Object, java.lang.Object, java.lang.Object, java.lang.Object, java.lang.Object, java.lang.Object, java.lang.Object)'> (0x00000000c7f00470) 
thrown [s\open\src\hotspot\share\interpreter\linkResolver.cpp, line 773]
Event: 11.752 Thread 0x000002737f0cb900 Exception <a 'java/lang/NoSuchMethodError'{0x00000000c7f3a650}: 'void java.lang.invoke.DirectMethodHandle$Holder.invokeSpecial(java.lang.Object, java.lang.Object, int, java.lang.Object)'> (0x00000000c7f3a650) 
thrown [s\open\src\hotspot\share\interpreter\linkResolver.cpp, line 773]
Event: 11.753 Thread 0x000002737f0cb900 Exception <a 'java/lang/IncompatibleClassChangeError'{0x00000000c7f40ba8}: Found class java.lang.Object, but interface was expected> (0x00000000c7f40ba8) 
thrown [s\open\src\hotspot\share\interpreter\linkResolver.cpp, line 840]
Event: 11.847 Thread 0x000002737f0cb900 Exception <a 'java/lang/NoSuchMethodError'{0x00000000c758ff78}: 'int java.lang.invoke.DirectMethodHandle$Holder.invokeStatic(java.lang.Object, int, java.lang.Object)'> (0x00000000c758ff78) 
thrown [s\open\src\hotspot\share\interpreter\linkResolver.cpp, line 773]
Event: 11.850 Thread 0x000002737f0cb900 Exception <a 'java/lang/NoSuchMethodError'{0x00000000c75ac540}: 'java.lang.Object java.lang.invoke.DirectMethodHandle$Holder.newInvokeSpecial(java.lang.Object, java.lang.Object, java.lang.Object, java.lang.Object, java.lang.Object, int, java.lang.Object)'> (0x00000000c75ac540) 
thrown [s\open\src\hotspot\share\interpreter\linkResolver.cpp, line 773]
Event: 11.855 Thread 0x000002737f0cb900 Exception <a 'java/lang/NoSuchMethodError'{0x00000000c75dc658}: 'java.lang.Object java.lang.invoke.DirectMethodHandle$Holder.newInvokeSpecial(java.lang.Object, java.lang.Object, java.lang.Object, java.lang.Object, java.lang.Object, java.lang.Object, java.lang.Object, java.lang.Object, java.lang.Object, java.lang.Object, java.lang.Object, java.lang.Object)'> (0x00000000c75dc658) 
thrown [s\open\src\hotspot\share\interpreter\linkResolver.cpp, line 773]
Event: 11.856 Thread 0x000002737f0cb900 Exception <a 'java/lang/NoSuchMethodError'{0x00000000c75e0ef0}: 'java.lang.Object java.lang.invoke.DirectMethodHandle$Holder.invokeSpecial(java.lang.Object, java.lang.Object, java.lang.Object, java.lang.Object, java.lang.Object, java.lang.Object, java.lang.Object, java.lang.Object, java.lang.Object, java.lang.Object, java.lang.Object, java.lang.Object, java.lang.Object)'> (0x00000000c75e0ef0) 
thrown [s\open\src\hotspot\share\interpreter\linkResolver.cpp, line 773]
Event: 11.856 Thread 0x000002737f0cb900 Exception <a 'java/lang/NoSuchMethodError'{0x00000000c75e53c8}: 'java.lang.Object java.lang.invoke.Invokers$Holder.linkToTargetMethod(java.lang.Object, java.lang.Object, java.lang.Object, java.lang.Object, java.lang.Object, java.lang.Object, java.lang.Object, java.lang.Object, java.lang.Object, java.lang.Object, java.lang.Object, java.lang.Object)'> (0x00000000c75e53c8) 
thrown [s\open\src\hotspot\share\interpreter\linkResolver.cpp, line 773]
Event: 11.958 Thread 0x000002737f0cb900 Exception <a 'java/lang/IncompatibleClassChangeError'{0x00000000c7361d28}: Found class java.lang.Object, but interface was expected> (0x00000000c7361d28) 
thrown [s\open\src\hotspot\share\interpreter\linkResolver.cpp, line 840]
Event: 11.997 Thread 0x000002737f0cb900 Exception <a 'java/lang/NoSuchMethodError'{0x00000000c73d20e0}: 'java.lang.Object java.lang.invoke.DirectMethodHandle$Holder.newInvokeSpecial(java.lang.Object, java.lang.Object, java.lang.Object, java.lang.Object, java.lang.Object, java.lang.Object, java.lang.Object, int)'> (0x00000000c73d20e0) 
thrown [s\open\src\hotspot\share\interpreter\linkResolver.cpp, line 773]
Event: 11.997 Thread 0x000002737f0cb900 Exception <a 'java/lang/NoSuchMethodError'{0x00000000c73d6640}: 'java.lang.Object java.lang.invoke.DirectMethodHandle$Holder.invokeSpecial(java.lang.Object, java.lang.Object, java.lang.Object, java.lang.Object, java.lang.Object, java.lang.Object, java.lang.Object, java.lang.Object, int)'> (0x00000000c73d6640) 
thrown [s\open\src\hotspot\share\interpreter\linkResolver.cpp, line 773]
Event: 11.998 Thread 0x000002737f0cb900 Exception <a 'java/lang/NoSuchMethodError'{0x00000000c73da658}: 'java.lang.Object java.lang.invoke.Invokers$Holder.linkToTargetMethod(java.lang.Object, java.lang.Object, java.lang.Object, java.lang.Object, java.lang.Object, java.lang.Object, int, java.lang.Object)'> (0x00000000c73da658) 
thrown [s\open\src\hotspot\share\interpreter\linkResolver.cpp, line 773]
Event: 12.058 Thread 0x000002737f0cb900 Exception <a 'java/lang/NoSuchMethodError'{0x00000000c72966e8}: 'void java.lang.invoke.DirectMethodHandle$Holder.invokeInterface(java.lang.Object, java.lang.Object)'> (0x00000000c72966e8) 
thrown [s\open\src\hotspot\share\interpreter\linkResolver.cpp, line 773]
Event: 12.497 Thread 0x000002737f0cb900 Exception <a 'java/lang/NoSuchMethodError'{0x00000000c7fdce70}: 'void java.lang.invoke.Invokers$Holder.invokeExact_MT(java.lang.Object, java.lang.Object, java.lang.Object, java.lang.Object)'> (0x00000000c7fdce70) 
thrown [s\open\src\hotspot\share\interpreter\linkResolver.cpp, line 773]

ZGC Phase Switch (0 events):
No events

VM Operations (20 events):
Event: 10.111 Executing VM operation: Cleanup
Event: 10.111 Executing VM operation: Cleanup done
Event: 10.333 Executing VM operation: G1CollectForAllocation (G1 Evacuation Pause)
Event: 10.337 Executing VM operation: G1CollectForAllocation (G1 Evacuation Pause) done
Event: 10.835 Executing VM operation: G1CollectForAllocation (G1 Evacuation Pause)
Event: 10.839 Executing VM operation: G1CollectForAllocation (G1 Evacuation Pause) done
Event: 11.219 Executing VM operation: HandshakeAllThreads (Deoptimize)
Event: 11.219 Executing VM operation: HandshakeAllThreads (Deoptimize) done
Event: 11.226 Executing VM operation: HandshakeAllThreads (Deoptimize)
Event: 11.226 Executing VM operation: HandshakeAllThreads (Deoptimize) done
Event: 11.717 Executing VM operation: G1CollectForAllocation (G1 Evacuation Pause)
Event: 11.722 Executing VM operation: G1CollectForAllocation (G1 Evacuation Pause) done
Event: 12.220 Executing VM operation: CollectForMetadataAllocation (Metadata GC Threshold)
Event: 12.226 Executing VM operation: CollectForMetadataAllocation (Metadata GC Threshold) done
Event: 12.241 Executing VM operation: G1PauseRemark
Event: 12.247 Executing VM operation: G1PauseRemark done
Event: 12.255 Executing VM operation: G1PauseCleanup
Event: 12.255 Executing VM operation: G1PauseCleanup done
Event: 12.375 Executing VM operation: HandshakeAllThreads (Deoptimize)
Event: 12.375 Executing VM operation: HandshakeAllThreads (Deoptimize) done

Events (20 events):
Event: 12.245 Thread 0x000002737e5c59d0 flushing nmethod 0x0000027307c11d90
Event: 12.245 Thread 0x000002737e5c59d0 flushing nmethod 0x0000027307c4e610
Event: 12.245 Thread 0x000002737e5c59d0 flushing nmethod 0x0000027307c16890
Event: 12.245 Thread 0x000002737e5c59d0 flushing nmethod 0x0000027307c0b510
Event: 12.245 Thread 0x000002737e5c59d0 flushing nmethod 0x0000027307c0a110
Event: 12.245 Thread 0x000002737e5c59d0 flushing nmethod 0x0000027307c08f10
Event: 12.245 Thread 0x000002737e5c59d0 flushing nmethod 0x0000027307c5d390
Event: 12.245 Thread 0x000002737e5c59d0 flushing nmethod 0x0000027307c4d690
Event: 12.245 Thread 0x000002737e5c59d0 flushing nmethod 0x0000027307c4b710
Event: 12.245 Thread 0x000002737e5c59d0 flushing nmethod 0x0000027307c36e10
Event: 12.245 Thread 0x000002737e5c59d0 flushing nmethod 0x0000027307c2f910
Event: 12.245 Thread 0x000002737e5c59d0 flushing nmethod 0x0000027307c0f890
Event: 12.245 Thread 0x000002737e5c59d0 flushing nmethod 0x0000027307bfea90
Event: 12.245 Thread 0x000002737e5c59d0 flushing nmethod 0x0000027307be3590
Event: 12.245 Thread 0x000002737e5c59d0 flushing nmethod 0x0000027307bc8810
Event: 12.245 Thread 0x000002737e5c59d0 flushing nmethod 0x0000027307b8c890
Event: 12.245 Thread 0x000002737e5c59d0 flushing nmethod 0x0000027307b71190
Event: 12.245 Thread 0x000002737e5c59d0 flushing nmethod 0x0000027307b4ba90
Event: 12.245 Thread 0x000002737e5c59d0 flushing nmethod 0x0000027307b3b190
Event: 12.246 Thread 0x000002737e5c59d0 flushing nmethod 0x0000027307ad0e90


Dynamic libraries:
0x00007ff62e6b0000 - 0x00007ff62e6c0000 	C:\Program Files\Java\jdk-21\bin\java.exe
0x00007fff1e050000 - 0x00007fff1e267000 	C:\WINDOWS\SYSTEM32\ntdll.dll
0x00007fff1dd10000 - 0x00007fff1ddd4000 	C:\WINDOWS\System32\KERNEL32.DLL
0x00007fff1b8a0000 - 0x00007fff1bc57000 	C:\WINDOWS\System32\KERNELBASE.dll
0x00007fff1b360000 - 0x00007fff1b471000 	C:\WINDOWS\System32\ucrtbase.dll
0x00007fff12690000 - 0x00007fff126ab000 	C:\Program Files\Java\jdk-21\bin\VCRUNTIME140.dll
0x00007fff12600000 - 0x00007fff12619000 	C:\Program Files\Java\jdk-21\bin\jli.dll
0x00007fff1cee0000 - 0x00007fff1cf92000 	C:\WINDOWS\System32\ADVAPI32.dll
0x00007fff1df60000 - 0x00007fff1e007000 	C:\WINDOWS\System32\msvcrt.dll
0x00007fff1deb0000 - 0x00007fff1df58000 	C:\WINDOWS\System32\sechost.dll
0x00007fff1bd50000 - 0x00007fff1bd78000 	C:\WINDOWS\System32\bcrypt.dll
0x00007fff1d2d0000 - 0x00007fff1d3e4000 	C:\WINDOWS\System32\RPCRT4.dll
0x00007fff1cff0000 - 0x00007fff1d19f000 	C:\WINDOWS\System32\USER32.dll
0x00007fff1b480000 - 0x00007fff1b4a6000 	C:\WINDOWS\System32\win32u.dll
0x00007fff1de80000 - 0x00007fff1dea9000 	C:\WINDOWS\System32\GDI32.dll
0x00007fff07640000 - 0x00007fff078d3000 	C:\WINDOWS\WinSxS\amd64_microsoft.windows.common-controls_6595b64144ccf1df_6.0.22621.3672_none_2713b9d173822955\COMCTL32.dll
0x00007fff1b780000 - 0x00007fff1b898000 	C:\WINDOWS\System32\gdi32full.dll
0x00007fff1b6e0000 - 0x00007fff1b77a000 	C:\WINDOWS\System32\msvcp_win.dll
0x00007fff0fdd0000 - 0x00007fff0fdda000 	C:\WINDOWS\SYSTEM32\VERSION.dll
0x00007fff1ce30000 - 0x00007fff1ce61000 	C:\WINDOWS\System32\IMM32.DLL
0x00007fff17a80000 - 0x00007fff17a8c000 	C:\Program Files\Java\jdk-21\bin\vcruntime140_1.dll
0x00007fff0a1f0000 - 0x00007fff0a27e000 	C:\Program Files\Java\jdk-21\bin\msvcp140.dll
0x00007ffea8190000 - 0x00007ffea8ea7000 	C:\Program Files\Java\jdk-21\bin\server\jvm.dll
0x00007fff1d250000 - 0x00007fff1d2c1000 	C:\WINDOWS\System32\WS2_32.dll
0x00007fff1b230000 - 0x00007fff1b27d000 	C:\WINDOWS\SYSTEM32\POWRPROF.dll
0x00007fff0ded0000 - 0x00007fff0df04000 	C:\WINDOWS\SYSTEM32\WINMM.dll
0x00007fff1b210000 - 0x00007fff1b223000 	C:\WINDOWS\SYSTEM32\UMPDC.dll
0x00007fff1a3b0000 - 0x00007fff1a3c8000 	C:\WINDOWS\SYSTEM32\kernel.appcore.dll
0x00007fff17a00000 - 0x00007fff17a0a000 	C:\Program Files\Java\jdk-21\bin\jimage.dll
0x00007fff18a90000 - 0x00007fff18cc2000 	C:\WINDOWS\SYSTEM32\DBGHELP.DLL
0x00007fff1d920000 - 0x00007fff1dcae000 	C:\WINDOWS\System32\combase.dll
0x00007fff1cb90000 - 0x00007fff1cc67000 	C:\WINDOWS\System32\OLEAUT32.dll
0x00007ffef14b0000 - 0x00007ffef14e2000 	C:\WINDOWS\SYSTEM32\dbgcore.DLL
0x00007fff1bcd0000 - 0x00007fff1bd4b000 	C:\WINDOWS\System32\bcryptPrimitives.dll
0x00007fff09d60000 - 0x00007fff09d6f000 	C:\Program Files\Java\jdk-21\bin\instrument.dll
0x00007fff0fab0000 - 0x00007fff0facf000 	C:\Program Files\Java\jdk-21\bin\java.dll
0x00007fff1bf10000 - 0x00007fff1c779000 	C:\WINDOWS\System32\SHELL32.dll
0x00007fff192d0000 - 0x00007fff19bcf000 	C:\WINDOWS\SYSTEM32\windows.storage.dll
0x00007fff19190000 - 0x00007fff192cf000 	C:\WINDOWS\SYSTEM32\wintypes.dll
0x00007fff1c880000 - 0x00007fff1c979000 	C:\WINDOWS\System32\SHCORE.dll
0x00007fff1c980000 - 0x00007fff1c9de000 	C:\WINDOWS\System32\shlwapi.dll
0x00007fff1b290000 - 0x00007fff1b2b7000 	C:\WINDOWS\SYSTEM32\profapi.dll
0x00007fff098e0000 - 0x00007fff099b7000 	C:\Program Files\Java\jdk-21\bin\jsvml.dll
0x00007fff0af00000 - 0x00007fff0af18000 	C:\Program Files\Java\jdk-21\bin\zip.dll
0x00007fff12660000 - 0x00007fff12670000 	C:\Program Files\Java\jdk-21\bin\net.dll
0x00007fff10ba0000 - 0x00007fff10cd6000 	C:\WINDOWS\SYSTEM32\WINHTTP.dll
0x00007fff1a820000 - 0x00007fff1a889000 	C:\WINDOWS\system32\mswsock.dll
0x00007fff0fa90000 - 0x00007fff0faa6000 	C:\Program Files\Java\jdk-21\bin\nio.dll
0x00007fff09d40000 - 0x00007fff09d5a000 	C:\Program Files\JetBrains\IntelliJ IDEA Community Edition 2023.2.2\bin\breakgen64.dll
0x00007fff0fa80000 - 0x00007fff0fa89000 	C:\Program Files\Java\jdk-21\bin\extnet.dll
0x00007fff0aec0000 - 0x00007fff0aeca000 	C:\Program Files\Java\jdk-21\bin\management.dll
0x00007fff09d80000 - 0x00007fff09d8b000 	C:\Program Files\Java\jdk-21\bin\management_ext.dll
0x00007fff1dde0000 - 0x00007fff1dde8000 	C:\WINDOWS\System32\PSAPI.DLL
0x00007fff09d70000 - 0x00007fff09d7e000 	C:\Program Files\Java\jdk-21\bin\sunmscapi.dll
0x00007fff1b570000 - 0x00007fff1b6d6000 	C:\WINDOWS\System32\CRYPT32.dll
0x00007fff1ac30000 - 0x00007fff1ac5d000 	C:\WINDOWS\SYSTEM32\ncrypt.dll
0x00007fff1abf0000 - 0x00007fff1ac27000 	C:\WINDOWS\SYSTEM32\NTASN1.dll
0x00007fff1aa70000 - 0x00007fff1aa8b000 	C:\WINDOWS\SYSTEM32\CRYPTSP.dll
0x00007fff1a310000 - 0x00007fff1a345000 	C:\WINDOWS\system32\rsaenh.dll
0x00007fff1a910000 - 0x00007fff1a938000 	C:\WINDOWS\SYSTEM32\USERENV.dll
0x00007fff1aa90000 - 0x00007fff1aa9c000 	C:\WINDOWS\SYSTEM32\CRYPTBASE.dll
0x00007fff19e30000 - 0x00007fff19e5d000 	C:\WINDOWS\SYSTEM32\IPHLPAPI.DLL
0x00007fff1ced0000 - 0x00007fff1ced9000 	C:\WINDOWS\System32\NSI.dll
0x00007fff0aed0000 - 0x00007fff0aee0000 	C:\Program Files\Java\jdk-21\bin\verify.dll
0x00007fff19ea0000 - 0x00007fff19fa2000 	C:\WINDOWS\SYSTEM32\DNSAPI.dll
0x00007fff0d930000 - 0x00007fff0d93a000 	C:\Windows\System32\rasadhlp.dll
0x00007fff0db00000 - 0x00007fff0db83000 	C:\WINDOWS\System32\fwpuclnt.dll

dbghelp: loaded successfully - version: 4.0.5 - missing functions: none
symbol engine: initialized successfully - sym options: 0x614 - pdb path: .;C:\Program Files\Java\jdk-21\bin;C:\WINDOWS\SYSTEM32;C:\WINDOWS\WinSxS\amd64_microsoft.windows.common-controls_6595b64144ccf1df_6.0.22621.3672_none_2713b9d173822955;C:\Program Files\Java\jdk-21\bin\server;C:\Program Files\JetBrains\IntelliJ IDEA Community Edition 2023.2.2\bin

VM Arguments:
jvm_args: -javaagent:C:\Program Files\JetBrains\IntelliJ IDEA Community Edition 2023.2.2\lib\idea_rt.jar=13506:C:\Program Files\JetBrains\IntelliJ IDEA Community Edition 2023.2.2\bin -Dfile.encoding=UTF-8 -Dsun.stdout.encoding=UTF-8 -Dsun.stderr.encoding=UTF-8 
java_command: com.jang.SpringSecurityApplication
java_class_path (initial): E:\PROJECTS\springSecurity_by_DB_With_CustomLoginPage4\target\classes;C:\Users\DELL\.m2\repository\org\springframework\boot\spring-boot-starter-data-jpa\3.3.4\spring-boot-starter-data-jpa-3.3.4.jar;C:\Users\DELL\.m2\repository\org\springframework\boot\spring-boot-starter-aop\3.3.4\spring-boot-starter-aop-3.3.4.jar;C:\Users\DELL\.m2\repository\org\aspectj\aspectjweaver\1.9.22.1\aspectjweaver-1.9.22.1.jar;C:\Users\DELL\.m2\repository\org\springframework\boot\spring-boot-starter-jdbc\3.3.4\spring-boot-starter-jdbc-3.3.4.jar;C:\Users\DELL\.m2\repository\com\zaxxer\HikariCP\5.1.0\HikariCP-5.1.0.jar;C:\Users\DELL\.m2\repository\org\springframework\spring-jdbc\6.1.13\spring-jdbc-6.1.13.jar;C:\Users\DELL\.m2\repository\org\hibernate\orm\hibernate-core\6.5.3.Final\hibernate-core-6.5.3.Final.jar;C:\Users\DELL\.m2\repository\jakarta\persistence\jakarta.persistence-api\3.1.0\jakarta.persistence-api-3.1.0.jar;C:\Users\DELL\.m2\repository\jakarta\transaction\jakarta.transaction-api\2.0.1\jakarta.transaction-api-2.0.1.jar;C:\Users\DELL\.m2\repository\org\jboss\logging\jboss-logging\3.5.3.Final\jboss-logging-3.5.3.Final.jar;C:\Users\DELL\.m2\repository\org\hibernate\common\hibernate-commons-annotations\6.0.6.Final\hibernate-commons-annotations-6.0.6.Final.jar;C:\Users\DELL\.m2\repository\io\smallrye\jandex\3.1.2\jandex-3.1.2.jar;C:\Users\DELL\.m2\repository\com\fasterxml\classmate\1.7.0\classmate-1.7.0.jar;C:\Users\DELL\.m2\repository\net\bytebuddy\byte-buddy\1.14.19\byte-buddy-1.14.19.jar;C:\Users\DELL\.m2\repository\org\glassfish\jaxb\jaxb-runtime\4.0.5\jaxb-runtime-4.0.5.jar;C:\Users\DELL\.m2\repository\org\glassfish\jaxb\jaxb-core\4.0.5\jaxb-core-4.0.5.jar;C:\Users\DELL\.m2\repository\org\eclipse\angus\angus-activation\2.0.2\angus-activation-2.0.2.jar;C:\Users\DELL\.m2\repository\org\glassfish\jaxb\txw2\4.0.5\txw2-4.0.5.jar;C:\Users\DELL\.m2\repository\com\sun\istack\istack-commons-runtime\4.1.2\istack-commons-runtime-4.1.2.jar;C:\Users\DELL\.m2\repository\jakarta\inject\jakarta.inject-api\2.0.1\jakarta.inject-api-2.0.1.jar;C:\Users\DELL\.m2\repository\org\antlr\antlr4-runtime\4.13.0\antlr4-runtime-4.13.0.jar;C:\Users\DELL\.m2\repository\org\springframework\data\spring-data-jpa\3.3.4\spring-data-jpa-3.3.4.jar;C:\Users\DELL\.m2\repository\org\springframework\data\spring-data-commons\3.3.4\spring-data-commons-3.3.4.jar;C:\Users\DELL\.m2\repository\org\springframework\spring-orm\6.1.13\spring-orm-6.1.13.jar;C:\Users\DELL\.m2\repository\org\springframework\spring-context\6.1.13\spring-context-6.1.13.jar;C:\Users\DELL\.m2\repository\org\springframework\spring-tx\6.1.13\spring-tx-6.1.13.jar;C:\Users\DELL\.m2\repository\org\springframework\spring-beans\6.1.13\spring-beans-6.1.13.jar;C:\Users\DELL\.m2\repository\jakarta\annotation\jakarta.annotation-api\2.1.1\jakarta.annotation-api-2.1.1.jar;C:\Users\DELL\.m2\repository\org\springframework\spring-aspects\6.1.13\spring-aspects-6.1.13.jar;C:\Users\DELL\.m2\repository\org\springframework\boot\spring-boot-starter-security\3.3.4\spring-boot-starter-security-3.3.4.jar;C:\Users\DELL\.m2\repository\org\springframework\boot\spring-boot-starter\3.3.4\spring-boot-starter-3.3.4.jar;C:\Users\DELL\.m2\repository\org\springframework\boot\spring-boot-starter-logging\3.3.4\spring-boot-starter-logging-3.3.4.jar;C:\Users\DELL\.m2\repository\ch\qos\logback\logback-classic\1.5.8\logback-classic-1.5.8.jar;C:\Users\DELL\.m2\repository\ch\qos\logback\logback-core\1.5.8\logback-core-1.5.8.jar;C:\Users\DELL\.m2\repository\org\apache\logging\log4j\log4j-to-slf4j\2.23.1\log4j-to-slf4j-2.23.1.jar;C:\Users\DELL\.m2\repository\org\apache\logging\log4j\log4j-api\2.23.1\log4j-api-2.23.1.jar;C:\Users\DELL\.m2\repository\org\slf4j\jul-to-slf4j\2.0.16\jul-to-slf4j-2.0.16.jar;C:\Users\DELL\.m2\repository\org\yaml\snakeyaml\2.2\snakeyaml-2.2.jar;C:\Users\DELL\.m2\repository\org\springframework\spring-aop\6.1.13\spring-aop-6.1.13.jar;C:\Users\DELL\.m2\repository\org\springframework\security\spring-security-config\6.3.3\spring-security-config-6.3.3.jar;C:\Users\DELL\.m2\repository\org\springframework\security\spring-security-web\6.3.3\spring-security-web-6.3.3.jar;C:\Users\DELL\.m2\repository\org\springframework\spring-expression\6.1.13\spring-expression-6.1.13.jar;C:\Users\DELL\.m2\repository\org\springframework\boot\spring-boot-starter-thymeleaf\3.3.4\spring-boot-starter-thymeleaf-3.3.4.jar;C:\Users\DELL\.m2\repository\org\thymeleaf\thymeleaf-spring6\3.1.2.RELEASE\thymeleaf-spring6-3.1.2.RELEASE.jar;C:\Users\DELL\.m2\repository\org\thymeleaf\thymeleaf\3.1.2.RELEASE\thymeleaf-3.1.2.RELEASE.jar;C:\Users\DELL\.m2\repository\org\attoparser\attoparser\2.0.7.RELEASE\attoparser-2.0.7.RELEASE.jar;C:\Users\DELL\.m2\repository\org\unbescape\unbescape\1.1.6.RELEASE\unbescape-1.1.6.RELEASE.jar;C:\Users\DELL\.m2\repository\org\springframework\boot\spring-boot-starter-web\3.3.4\spring-boot-starter-web-3.3.4.jar;C:\Users\DELL\.m2\repository\org\springframework\boot\spring-boot-starter-json\3.3.4\spring-boot-starter-json-3.3.4.jar;C:\Users\DELL\.m2\repository\com\fasterxml\jackson\core\jackson-databind\2.17.2\jackson-databind-2.17.2.jar;C:\Users\DELL\.m2\repository\com\fasterxml\jackson\core\jackson-annotations\2.17.2\jackson-annotations-2.17.2.jar;C:\Users\DELL\.m2\repository\com\fasterxml\jackson\core\jackson-core\2.17.2\jackson-core-2.17.2.jar;C:\Users\DELL\.m2\repository\com\fasterxml\jackson\datatype\jackson-datatype-jdk8\2.17.2\jackson-datatype-jdk8-2.17.2.jar;C:\Users\DELL\.m2\repository\com\fasterxml\jackson\datatype\jackson-datatype-jsr310\2.17.2\jackson-datatype-jsr310-2.17.2.jar;C:\Users\DELL\.m2\repository\com\fasterxml\jackson\module\jackson-module-parameter-names\2.17.2\jackson-module-parameter-names-2.17.2.jar;C:\Users\DELL\.m2\repository\org\springframework\boot\spring-boot-starter-tomcat\3.3.4\spring-boot-starter-tomcat-3.3.4.jar;C:\Users\DELL\.m2\repository\org\apache\tomcat\embed\tomcat-embed-core\10.1.30\tomcat-embed-core-10.1.30.jar;C:\Users\DELL\.m2\repository\org\apache\tomcat\embed\tomcat-embed-el\10.1.30\tomcat-embed-el-10.1.30.jar;C:\Users\DELL\.m2\repository\org\apache\tomcat\embed\tomcat-embed-websocket\10.1.30\tomcat-embed-websocket-10.1.30.jar;C:\Users\DELL\.m2\repository\org\springframework\spring-web\6.1.13\spring-web-6.1.13.jar;C:\Users\DELL\.m2\repository\io\micrometer\micrometer-observation\1.13.4\micrometer-observation-1.13.4.jar;C:\Users\DELL\.m2\repository\io\micrometer\micrometer-commons\1.13.4\micrometer-commons-1.13.4.jar;C:\Users\DELL\.m2\repository\org\springframework\spring-webmvc\6.1.13\spring-webmvc-6.1.13.jar;C:\Users\DELL\.m2\repository\org\thymeleaf\extras\thymeleaf-extras-springsecurity6\3.1.2.RELEASE\thymeleaf-extras-springsecurity6-3.1.2.RELEASE.jar;C:\Users\DELL\.m2\repository\org\slf4j\slf4j-api\2.0.16\slf4j-api-2.0.16.jar;C:\Users\DELL\.m2\repository\org\springframework\boot\spring-boot-devtools\3.3.4\spring-boot-devtools-3.3.4.jar;C:\Users\DELL\.m2\repository\org\springframework\boot\spring-boot\3.3.4\spring-boot-3.3.4.jar;C:\Users\DELL\.m2\repository\org\springframework\boot\spring-boot-autoconfigure\3.3.4\spring-boot-autoconfigure-3.3.4.jar;C:\Users\DELL\.m2\repository\com\mysql\mysql-connector-j\8.3.0\mysql-connector-j-8.3.0.jar;C:\Users\DELL\.m2\repository\org\projectlombok\lombok\1.18.34\lombok-1.18.34.jar;C:\Users\DELL\.m2\repository\jakarta\xml\bind\jakarta.xml.bind-api\4.0.2\jakarta.xml.bind-api-4.0.2.jar;C:\Users\DELL\.m2\repository\jakarta\activation\jakarta.activation-api\2.1.3\jakarta.activation-api-2.1.3.jar;C:\Users\DELL\.m2\repository\org\springframework\spring-core\6.1.13\spring-core-6.1.13.jar;C:\Users\DELL\.m2\repository\org\springframework\spring-jcl\6.1.13\spring-jcl-6.1.13.jar;C:\Users\DELL\.m2\repository\org\springframework\security\spring-security-core\6.3.3\spring-security-core-6.3.3.jar;C:\Users\DELL\.m2\repository\org\springframework\security\spring-security-crypto\6.3.3\spring-security-crypto-6.3.3.jar
Launcher Type: SUN_STANDARD

[Global flags]
     intx CICompilerCount                          = 4                                         {product} {ergonomic}
     uint ConcGCThreads                            = 2                                         {product} {ergonomic}
     uint G1ConcRefinementThreads                  = 8                                         {product} {ergonomic}
   size_t G1HeapRegionSize                         = 1048576                                   {product} {ergonomic}
    uintx GCDrainStackTargetSize                   = 64                                        {product} {ergonomic}
   size_t InitialHeapSize                          = 62914560                                  {product} {ergonomic}
   size_t MarkStackSize                            = 4194304                                   {product} {ergonomic}
   size_t MaxHeapSize                              = 1002438656                                {product} {ergonomic}
   size_t MaxNewSize                               = 600834048                                 {product} {ergonomic}
   size_t MinHeapDeltaBytes                        = 1048576                                   {product} {ergonomic}
   size_t MinHeapSize                              = 8388608                                   {product} {ergonomic}
    uintx NonNMethodCodeHeapSize                   = 5839372                                {pd product} {ergonomic}
    uintx NonProfiledCodeHeapSize                  = 122909434                              {pd product} {ergonomic}
    uintx ProfiledCodeHeapSize                     = 122909434                              {pd product} {ergonomic}
    uintx ReservedCodeCacheSize                    = 251658240                              {pd product} {ergonomic}
     bool SegmentedCodeCache                       = true                                      {product} {ergonomic}
   size_t SoftMaxHeapSize                          = 1002438656                             {manageable} {ergonomic}
     bool UseCompressedOops                        = true                           {product lp64_product} {ergonomic}
     bool UseG1GC                                  = true                                      {product} {ergonomic}
     bool UseLargePagesIndividualAllocation        = false                                  {pd product} {ergonomic}

Logging:
Log output configuration:
 #0: stdout all=warning uptime,level,tags foldmultilines=false
 #1: stderr all=off uptime,level,tags foldmultilines=false

Environment Variables:
JAVA_HOME=C:\Program Files\Java\jdk-17
PATH=C:\Program Files\Common Files\Oracle\Java\javapath;C:\Program Files (x86)\Common Files\Oracle\Java\javapath;C:\ProgramData\Oracle\Java\javapath;C:\WINDOWS\system32;C:\WINDOWS;C:\WINDOWS\System32\Wbem;C:\WINDOWS\System32\WindowsPowerShell\v1.0\;C:\WINDOWS\System32\OpenSSH\;C:\Program Files\PowerShell\7\;C:\Program Files\dotnet\;C:\Program Files\Java\jdk-17\bin;C:\Program Files\nodejs\;C:\ProgramData\chocolatey\bin;C:\Program Files\Git\cmd;C:\Program Files\MySQL\MySQL Shell 8.0\bin\;C:\Users\DELL\AppData\Local\Microsoft\WindowsApps;C:\Program Files\JetBrains\IntelliJ IDEA Community Edition 2023.2.2\bin;;C:\apache-maven-3.3.9\bin;%IntelliJ IDEA Educational Edition%;C:\Users\DELL\AppData\Local\Programs\Microsoft VS Code\bin;C:\Program Files\sf\bin;C:\Program Files\sfdx\bin;C:\Program Files\sfdx\sf\bin;C:\Users\DELL\AppData\Roaming\npm
USERNAME=DELL
OS=Windows_NT
PROCESSOR_IDENTIFIER=Intel64 Family 6 Model 140 Stepping 1, GenuineIntel
TMP=C:\Users\DELL\AppData\Local\Temp
TEMP=C:\Users\DELL\AppData\Local\Temp




Periodic native trim disabled

---------------  S Y S T E M  ---------------

OS:
 Windows 11 , 64 bit Build 22621 (10.0.22621.3958)
OS uptime: 4 days 12:28 hours

CPU: total 8 (initial active 8) (4 cores per cpu, 2 threads per core) family 6 model 140 stepping 1 microcode 0xb8, cx8, cmov, fxsr, ht, mmx, 3dnowpref, sse, sse2, sse3, ssse3, sse4.1, sse4.2, popcnt, lzcnt, tsc, tscinvbit, avx, avx2, aes, erms, clmul, bmi1, bmi2, adx, avx512f, avx512dq, avx512cd, avx512bw, avx512vl, sha, fma, vzeroupper, avx512_vpopcntdq, avx512_vpclmulqdq, avx512_vaes, avx512_vnni, clflush, clflushopt, clwb, avx512_vbmi2, avx512_vbmi, rdtscp, rdpid, fsrm, gfni, avx512_bitalg, f16c, pku, cet_ibt, cet_ss, avx512_ifma
Processor Information for all 8 processors :
  Max Mhz: 2419, Current Mhz: 2419, Mhz Limit: 2419

Memory: 4k page, system-wide physical 3818M (160M free)
TotalPageFile size 15594M (AvailPageFile size 5M)
current process WorkingSet (physical memory assigned to process): 194M, peak: 194M
current process commit charge ("private bytes"): 248M, peak: 248M

vm_info: Java HotSpot(TM) 64-Bit Server VM (21.0.2+13-LTS-58) for windows-amd64 JRE (21.0.2+13-LTS-58), built on 2024-01-05T18:32:24Z by "mach5one" with MS VC++ 17.1 (VS2022)

END.
